# JRE version: OpenJDK Runtime Environment Temurin-17.0.10+7 (17.0.10+7) (build 17.0.10+7)
# Java VM: OpenJDK 64-Bit Server VM Temurin-17.0.10+7 (17.0.10+7, mixed mode, tiered, compressed oops, compressed class ptrs, parallel gc, windows-amd64)
GC Precious Log:
 CPUs: 20 total, 20 available
 Memory: 32541M
 Large Page Support: Disabled
 NUMA Support: Disabled
 Compressed Oops: Enabled (32-bit)
 Alignments: Space 512K, Generation 512K, Heap 2M
 Heap Min Capacity: 100M
 Heap Initial Capacity: 100M
 Heap Max Capacity: 1G
 Pre-touch: Disabled
 Parallel Workers: 15
Heap:
 PSYoungGen      total 23040K, used 20700K [0x00000000eab00000, 0x00000000ec580000, 0x0000000100000000)
  eden space 21504K, 89% used [0x00000000eab00000,0x00000000ebdcf318,0x00000000ec000000)
  from space 1536K, 93% used [0x00000000ec400000,0x00000000ec568040,0x00000000ec580000)
  to   space 2048K, 0% used [0x00000000ec180000,0x00000000ec180000,0x00000000ec380000)
 ParOldGen       total 68608K, used 36241K [0x00000000c0000000, 0x00000000c4300000, 0x00000000eab00000)
  object space 68608K, 52% used [0x00000000c0000000,0x00000000c2364468,0x00000000c4300000)
 Metaspace       used 47919K, committed 48704K, reserved 1114112K
  class space    used 4827K, committed 5184K, reserved 1048576K
GC Heap History (20 events):
Event: 2.124 GC heap before
{Heap before GC invocations=15 (full 2):
 PSYoungGen      total 24576K, used 24096K [0x00000000eab00000, 0x00000000ec700000, 0x0000000100000000)
  eden space 22016K, 100% used [0x00000000eab00000,0x00000000ec080000,0x00000000ec080000)
  from space 2560K, 81% used [0x00000000ec480000,0x00000000ec688010,0x00000000ec700000)
  to   space 2560K, 0% used [0x00000000ec200000,0x00000000ec200000,0x00000000ec480000)
 ParOldGen       total 68608K, used 21539K [0x00000000c0000000, 0x00000000c4300000, 0x00000000eab00000)
  object space 68608K, 31% used [0x00000000c0000000,0x00000000c1508ec0,0x00000000c4300000)
 Metaspace       used 37171K, committed 37952K, reserved 1114112K
  class space    used 3752K, committed 4096K, reserved 1048576K
}
Event: 2.125 GC heap after
{Heap after GC invocations=15 (full 2):
 PSYoungGen      total 24064K, used 2016K [0x00000000eab00000, 0x00000000ec580000, 0x0000000100000000)
  eden space 22016K, 0% used [0x00000000eab00000,0x00000000eab00000,0x00000000ec080000)
  from space 2048K, 98% used [0x00000000ec200000,0x00000000ec3f8010,0x00000000ec400000)
  to   space 1536K, 0% used [0x00000000ec400000,0x00000000ec400000,0x00000000ec580000)
 ParOldGen       total 68608K, used 23331K [0x00000000c0000000, 0x00000000c4300000, 0x00000000eab00000)
  object space 68608K, 34% used [0x00000000c0000000,0x00000000c16c8ec0,0x00000000c4300000)
 Metaspace       used 37171K, committed 37952K, reserved 1114112K
  class space    used 3752K, committed 4096K, reserved 1048576K
}
Event: 2.169 GC heap before
{Heap before GC invocations=16 (full 2):
 PSYoungGen      total 24064K, used 24032K [0x00000000eab00000, 0x00000000ec580000, 0x0000000100000000)
  eden space 22016K, 100% used [0x00000000eab00000,0x00000000ec080000,0x00000000ec080000)
  from space 2048K, 98% used [0x00000000ec200000,0x00000000ec3f8010,0x00000000ec400000)
  to   space 1536K, 0% used [0x00000000ec400000,0x00000000ec400000,0x00000000ec580000)
 ParOldGen       total 68608K, used 23331K [0x00000000c0000000, 0x00000000c4300000, 0x00000000eab00000)
  object space 68608K, 34% used [0x00000000c0000000,0x00000000c16c8ec0,0x00000000c4300000)
 Metaspace       used 37229K, committed 38016K, reserved 1114112K
  class space    used 3765K, committed 4160K, reserved 1048576K
}
Event: 2.170 GC heap after
{Heap after GC invocations=16 (full 2):
 PSYoungGen      total 23040K, used 1536K [0x00000000eab00000, 0x00000000ec880000, 0x0000000100000000)
  eden space 21504K, 0% used [0x00000000eab00000,0x00000000eab00000,0x00000000ec000000)
  from space 1536K, 100% used [0x00000000ec400000,0x00000000ec580000,0x00000000ec580000)
  to   space 4096K, 0% used [0x00000000ec000000,0x00000000ec000000,0x00000000ec400000)
 ParOldGen       total 68608K, used 25488K [0x00000000c0000000, 0x00000000c4300000, 0x00000000eab00000)
  object space 68608K, 37% used [0x00000000c0000000,0x00000000c18e4228,0x00000000c4300000)
 Metaspace       used 37229K, committed 38016K, reserved 1114112K
  class space    used 3765K, committed 4160K, reserved 1048576K
}
Event: 2.200 GC heap before
{Heap before GC invocations=17 (full 2):
 PSYoungGen      total 23040K, used 23040K [0x00000000eab00000, 0x00000000ec880000, 0x0000000100000000)
  eden space 21504K, 100% used [0x00000000eab00000,0x00000000ec000000,0x00000000ec000000)
  from space 1536K, 100% used [0x00000000ec400000,0x00000000ec580000,0x00000000ec580000)
  to   space 4096K, 0% used [0x00000000ec000000,0x00000000ec000000,0x00000000ec400000)
 ParOldGen       total 68608K, used 25488K [0x00000000c0000000, 0x00000000c4300000, 0x00000000eab00000)
  object space 68608K, 37% used [0x00000000c0000000,0x00000000c18e4228,0x00000000c4300000)
 Metaspace       used 37229K, committed 38016K, reserved 1114112K
  class space    used 3765K, committed 4160K, reserved 1048576K
}
Event: 2.202 GC heap after
{Heap after GC invocations=17 (full 2):
 PSYoungGen      total 23552K, used 2048K [0x00000000eab00000, 0x00000000ec600000, 0x0000000100000000)
  eden space 21504K, 0% used [0x00000000eab00000,0x00000000eab00000,0x00000000ec000000)
  from space 2048K, 100% used [0x00000000ec000000,0x00000000ec200000,0x00000000ec200000)
  to   space 3072K, 0% used [0x00000000ec300000,0x00000000ec300000,0x00000000ec600000)
 ParOldGen       total 68608K, used 27031K [0x00000000c0000000, 0x00000000c4300000, 0x00000000eab00000)
  object space 68608K, 39% used [0x00000000c0000000,0x00000000c1a65cd8,0x00000000c4300000)
 Metaspace       used 37229K, committed 38016K, reserved 1114112K
  class space    used 3765K, committed 4160K, reserved 1048576K
}
Event: 2.224 GC heap before
{Heap before GC invocations=18 (full 2):
 PSYoungGen      total 23552K, used 23552K [0x00000000eab00000, 0x00000000ec600000, 0x0000000100000000)
  eden space 21504K, 100% used [0x00000000eab00000,0x00000000ec000000,0x00000000ec000000)
  from space 2048K, 100% used [0x00000000ec000000,0x00000000ec200000,0x00000000ec200000)
  to   space 3072K, 0% used [0x00000000ec300000,0x00000000ec300000,0x00000000ec600000)
 ParOldGen       total 68608K, used 27031K [0x00000000c0000000, 0x00000000c4300000, 0x00000000eab00000)
  object space 68608K, 39% used [0x00000000c0000000,0x00000000c1a65cd8,0x00000000c4300000)
 Metaspace       used 37229K, committed 38016K, reserved 1114112K
  class space    used 3765K, committed 4160K, reserved 1048576K
}
Event: 2.226 GC heap after
{Heap after GC invocations=18 (full 2):
 PSYoungGen      total 24064K, used 2272K [0x00000000eab00000, 0x00000000ec580000, 0x0000000100000000)
  eden space 21504K, 0% used [0x00000000eab00000,0x00000000eab00000,0x00000000ec000000)
  from space 2560K, 88% used [0x00000000ec300000,0x00000000ec538010,0x00000000ec580000)
  to   space 2560K, 0% used [0x00000000ec080000,0x00000000ec080000,0x00000000ec300000)
 ParOldGen       total 68608K, used 28935K [0x00000000c0000000, 0x00000000c4300000, 0x00000000eab00000)
  object space 68608K, 42% used [0x00000000c0000000,0x00000000c1c41cd8,0x00000000c4300000)
 Metaspace       used 37229K, committed 38016K, reserved 1114112K
  class space    used 3765K, committed 4160K, reserved 1048576K
}
Event: 3.096 GC heap before
{Heap before GC invocations=19 (full 2):
 PSYoungGen      total 24064K, used 23776K [0x00000000eab00000, 0x00000000ec580000, 0x0000000100000000)
  eden space 21504K, 100% used [0x00000000eab00000,0x00000000ec000000,0x00000000ec000000)
  from space 2560K, 88% used [0x00000000ec300000,0x00000000ec538010,0x00000000ec580000)
  to   space 2560K, 0% used [0x00000000ec080000,0x00000000ec080000,0x00000000ec300000)
 ParOldGen       total 68608K, used 28935K [0x00000000c0000000, 0x00000000c4300000, 0x00000000eab00000)
  object space 68608K, 42% used [0x00000000c0000000,0x00000000c1c41cd8,0x00000000c4300000)
 Metaspace       used 37983K, committed 38720K, reserved 1114112K
  class space    used 3845K, committed 4224K, reserved 1048576K
}
Event: 3.098 GC heap after
{Heap after GC invocations=19 (full 2):
 PSYoungGen      total 24064K, used 2551K [0x00000000eab00000, 0x00000000ecb00000, 0x0000000100000000)
  eden space 21504K, 0% used [0x00000000eab00000,0x00000000eab00000,0x00000000ec000000)
  from space 2560K, 99% used [0x00000000ec080000,0x00000000ec2fdc08,0x00000000ec300000)
  to   space 5632K, 0% used [0x00000000ec580000,0x00000000ec580000,0x00000000ecb00000)
 ParOldGen       total 68608K, used 31336K [0x00000000c0000000, 0x00000000c4300000, 0x00000000eab00000)
  object space 68608K, 45% used [0x00000000c0000000,0x00000000c1e9a2a8,0x00000000c4300000)
 Metaspace       used 37983K, committed 38720K, reserved 1114112K
  class space    used 3845K, committed 4224K, reserved 1048576K
}
Event: 3.206 GC heap before
{Heap before GC invocations=20 (full 2):
 PSYoungGen      total 24064K, used 23994K [0x00000000eab00000, 0x00000000ecb00000, 0x0000000100000000)
  eden space 21504K, 99% used [0x00000000eab00000,0x00000000ebff0d68,0x00000000ec000000)
  from space 2560K, 99% used [0x00000000ec080000,0x00000000ec2fdc08,0x00000000ec300000)
  to   space 5632K, 0% used [0x00000000ec580000,0x00000000ec580000,0x00000000ecb00000)
 ParOldGen       total 68608K, used 31336K [0x00000000c0000000, 0x00000000c4300000, 0x00000000eab00000)
  object space 68608K, 45% used [0x00000000c0000000,0x00000000c1e9a2a8,0x00000000c4300000)
 Metaspace       used 39858K, committed 40640K, reserved 1114112K
  class space    used 4095K, committed 4480K, reserved 1048576K
}
Event: 3.207 GC heap after
{Heap after GC invocations=20 (full 2):
 PSYoungGen      total 22528K, used 860K [0x00000000eab00000, 0x00000000ec680000, 0x0000000100000000)
  eden space 21504K, 0% used [0x00000000eab00000,0x00000000eab00000,0x00000000ec000000)
  from space 1024K, 84% used [0x00000000ec580000,0x00000000ec6572a0,0x00000000ec680000)
  to   space 2560K, 0% used [0x00000000ec180000,0x00000000ec180000,0x00000000ec400000)
 ParOldGen       total 68608K, used 33823K [0x00000000c0000000, 0x00000000c4300000, 0x00000000eab00000)
  object space 68608K, 49% used [0x00000000c0000000,0x00000000c2107f80,0x00000000c4300000)
 Metaspace       used 39858K, committed 40640K, reserved 1114112K
  class space    used 4095K, committed 4480K, reserved 1048576K
}
Event: 3.328 GC heap before
{Heap before GC invocations=21 (full 2):
 PSYoungGen      total 22528K, used 22364K [0x00000000eab00000, 0x00000000ec680000, 0x0000000100000000)
  eden space 21504K, 100% used [0x00000000eab00000,0x00000000ec000000,0x00000000ec000000)
  from space 1024K, 84% used [0x00000000ec580000,0x00000000ec6572a0,0x00000000ec680000)
  to   space 2560K, 0% used [0x00000000ec180000,0x00000000ec180000,0x00000000ec400000)
 ParOldGen       total 68608K, used 33823K [0x00000000c0000000, 0x00000000c4300000, 0x00000000eab00000)
  object space 68608K, 49% used [0x00000000c0000000,0x00000000c2107f80,0x00000000c4300000)
 Metaspace       used 41311K, committed 42048K, reserved 1114112K
  class space    used 4230K, committed 4608K, reserved 1048576K
}
Event: 3.328 GC heap after
{Heap after GC invocations=21 (full 2):
 PSYoungGen      total 24064K, used 672K [0x00000000eab00000, 0x00000000ec600000, 0x0000000100000000)
  eden space 21504K, 0% used [0x00000000eab00000,0x00000000eab00000,0x00000000ec000000)
  from space 2560K, 26% used [0x00000000ec180000,0x00000000ec228000,0x00000000ec400000)
  to   space 1024K, 0% used [0x00000000ec500000,0x00000000ec500000,0x00000000ec600000)
 ParOldGen       total 68608K, used 34449K [0x00000000c0000000, 0x00000000c4300000, 0x00000000eab00000)
  object space 68608K, 50% used [0x00000000c0000000,0x00000000c21a4740,0x00000000c4300000)
 Metaspace       used 41311K, committed 42048K, reserved 1114112K
  class space    used 4230K, committed 4608K, reserved 1048576K
}
Event: 3.381 GC heap before
{Heap before GC invocations=22 (full 2):
 PSYoungGen      total 24064K, used 22176K [0x00000000eab00000, 0x00000000ec600000, 0x0000000100000000)
  eden space 21504K, 100% used [0x00000000eab00000,0x00000000ec000000,0x00000000ec000000)
  from space 2560K, 26% used [0x00000000ec180000,0x00000000ec228000,0x00000000ec400000)
  to   space 1024K, 0% used [0x00000000ec500000,0x00000000ec500000,0x00000000ec600000)
 ParOldGen       total 68608K, used 34449K [0x00000000c0000000, 0x00000000c4300000, 0x00000000eab00000)
  object space 68608K, 50% used [0x00000000c0000000,0x00000000c21a4740,0x00000000c4300000)
 Metaspace       used 41835K, committed 42560K, reserved 1114112K
  class space    used 4279K, committed 4608K, reserved 1048576K
}
Event: 3.382 GC heap after
{Heap after GC invocations=22 (full 2):
 PSYoungGen      total 22528K, used 1013K [0x00000000eab00000, 0x00000000ec600000, 0x0000000100000000)
  eden space 21504K, 0% used [0x00000000eab00000,0x00000000eab00000,0x00000000ec000000)
  from space 1024K, 98% used [0x00000000ec500000,0x00000000ec5fd630,0x00000000ec600000)
  to   space 3072K, 0% used [0x00000000ec000000,0x00000000ec000000,0x00000000ec300000)
 ParOldGen       total 68608K, used 35801K [0x00000000c0000000, 0x00000000c4300000, 0x00000000eab00000)
  object space 68608K, 52% used [0x00000000c0000000,0x00000000c22f6468,0x00000000c4300000)
 Metaspace       used 41835K, committed 42560K, reserved 1114112K
  class space    used 4279K, committed 4608K, reserved 1048576K
}
Event: 3.449 GC heap before
{Heap before GC invocations=23 (full 2):
 PSYoungGen      total 22528K, used 22481K [0x00000000eab00000, 0x00000000ec600000, 0x0000000100000000)
  eden space 21504K, 99% used [0x00000000eab00000,0x00000000ebff6f20,0x00000000ec000000)
  from space 1024K, 98% used [0x00000000ec500000,0x00000000ec5fd630,0x00000000ec600000)
  to   space 3072K, 0% used [0x00000000ec000000,0x00000000ec000000,0x00000000ec300000)
 ParOldGen       total 68608K, used 35801K [0x00000000c0000000, 0x00000000c4300000, 0x00000000eab00000)
  object space 68608K, 52% used [0x00000000c0000000,0x00000000c22f6468,0x00000000c4300000)
 Metaspace       used 43303K, committed 44032K, reserved 1114112K
  class space    used 4404K, committed 4736K, reserved 1048576K
}
Event: 3.449 GC heap after
{Heap after GC invocations=23 (full 2):
 PSYoungGen      total 24576K, used 610K [0x00000000eab00000, 0x00000000ec580000, 0x0000000100000000)
  eden space 21504K, 0% used [0x00000000eab00000,0x00000000eab00000,0x00000000ec000000)
  from space 3072K, 19% used [0x00000000ec000000,0x00000000ec098a20,0x00000000ec300000)
  to   space 1536K, 0% used [0x00000000ec400000,0x00000000ec400000,0x00000000ec580000)
 ParOldGen       total 68608K, used 36073K [0x00000000c0000000, 0x00000000c4300000, 0x00000000eab00000)
  object space 68608K, 52% used [0x00000000c0000000,0x00000000c233a468,0x00000000c4300000)
 Metaspace       used 43303K, committed 44032K, reserved 1114112K
  class space    used 4404K, committed 4736K, reserved 1048576K
}
Event: 4.018 GC heap before
{Heap before GC invocations=24 (full 2):
 PSYoungGen      total 24576K, used 22079K [0x00000000eab00000, 0x00000000ec580000, 0x0000000100000000)
  eden space 21504K, 99% used [0x00000000eab00000,0x00000000ebff7258,0x00000000ec000000)
  from space 3072K, 19% used [0x00000000ec000000,0x00000000ec098a20,0x00000000ec300000)
  to   space 1536K, 0% used [0x00000000ec400000,0x00000000ec400000,0x00000000ec580000)
 ParOldGen       total 68608K, used 36073K [0x00000000c0000000, 0x00000000c4300000, 0x00000000eab00000)
  object space 68608K, 52% used [0x00000000c0000000,0x00000000c233a468,0x00000000c4300000)
 Metaspace       used 46080K, committed 46848K, reserved 1114112K
  class space    used 4652K, committed 4992K, reserved 1048576K
}
Event: 4.019 GC heap after
{Heap after GC invocations=24 (full 2):
 PSYoungGen      total 23040K, used 1440K [0x00000000eab00000, 0x00000000ec580000, 0x0000000100000000)
  eden space 21504K, 0% used [0x00000000eab00000,0x00000000eab00000,0x00000000ec000000)
  from space 1536K, 93% used [0x00000000ec400000,0x00000000ec568040,0x00000000ec580000)
  to   space 2048K, 0% used [0x00000000ec180000,0x00000000ec180000,0x00000000ec380000)
 ParOldGen       total 68608K, used 36241K [0x00000000c0000000, 0x00000000c4300000, 0x00000000eab00000)
  object space 68608K, 52% used [0x00000000c0000000,0x00000000c2364468,0x00000000c4300000)
 Metaspace       used 46080K, committed 46848K, reserved 1114112K
  class space    used 4652K, committed 4992K, reserved 1048576K
}

