# JRE version: OpenJDK Runtime Environment Temurin-17.0.10+7 (17.0.10+7) (build 17.0.10+7)
# Java VM: OpenJDK 64-Bit Server VM Temurin-17.0.10+7 (17.0.10+7, mixed mode, tiered, compressed oops, compressed class ptrs, parallel gc, windows-amd64)
GC Precious Log:
 CPUs: 20 total, 20 available
 Memory: 32541M
 Large Page Support: Disabled
 NUMA Support: Disabled
 Compressed Oops: Enabled (32-bit)
 Alignments: Space 512K, Generation 512K, Heap 2M
 Heap Min Capacity: 100M
 Heap Initial Capacity: 100M
 Heap Max Capacity: 1G
 Pre-touch: Disabled
 Parallel Workers: 15
Heap:
 PSYoungGen      total 28160K, used 2043K [0x00000000eab00000, 0x00000000ecd80000, 0x0000000100000000)
  eden space 26112K, 0% used [0x00000000eab00000,0x00000000eab00000,0x00000000ec480000)
  from space 2048K, 99% used [0x00000000ec580000,0x00000000ec77ecd0,0x00000000ec780000)
  to   space 4608K, 0% used [0x00000000ec900000,0x00000000ec900000,0x00000000ecd80000)
 ParOldGen       total 476160K, used 474172K [0x00000000c0000000, 0x00000000dd100000, 0x00000000eab00000)
  object space 476160K, 99% used [0x00000000c0000000,0x00000000dcf0f138,0x00000000dd100000)
 Metaspace       used 70503K, committed 71616K, reserved 1114112K
  class space    used 7346K, committed 7808K, reserved 1048576K
GC Heap History (20 events):
Event: 12.189 GC heap after
{Heap after GC invocations=202 (full 12):
 PSYoungGen      total 35328K, used 4595K [0x00000000eab00000, 0x00000000eda00000, 0x0000000100000000)
  eden space 30720K, 0% used [0x00000000eab00000,0x00000000eab00000,0x00000000ec900000)
  from space 4608K, 99% used [0x00000000ed100000,0x00000000ed57cf48,0x00000000ed580000)
  to   space 8192K, 0% used [0x00000000ec900000,0x00000000ec900000,0x00000000ed100000)
 ParOldGen       total 476160K, used 466172K [0x00000000c0000000, 0x00000000dd100000, 0x00000000eab00000)
  object space 476160K, 97% used [0x00000000c0000000,0x00000000dc73f138,0x00000000dd100000)
 Metaspace       used 70501K, committed 71616K, reserved 1114112K
  class space    used 7346K, committed 7808K, reserved 1048576K
}
Event: 12.265 GC heap before
{Heap before GC invocations=203 (full 12):
 PSYoungGen      total 35328K, used 35315K [0x00000000eab00000, 0x00000000eda00000, 0x0000000100000000)
  eden space 30720K, 100% used [0x00000000eab00000,0x00000000ec900000,0x00000000ec900000)
  from space 4608K, 99% used [0x00000000ed100000,0x00000000ed57cf48,0x00000000ed580000)
  to   space 8192K, 0% used [0x00000000ec900000,0x00000000ec900000,0x00000000ed100000)
 ParOldGen       total 476160K, used 466172K [0x00000000c0000000, 0x00000000dd100000, 0x00000000eab00000)
  object space 476160K, 97% used [0x00000000c0000000,0x00000000dc73f138,0x00000000dd100000)
 Metaspace       used 70501K, committed 71616K, reserved 1114112K
  class space    used 7346K, committed 7808K, reserved 1048576K
}
Event: 12.267 GC heap after
{Heap after GC invocations=203 (full 12):
 PSYoungGen      total 34816K, used 3765K [0x00000000eab00000, 0x00000000ed300000, 0x0000000100000000)
  eden space 30720K, 0% used [0x00000000eab00000,0x00000000eab00000,0x00000000ec900000)
  from space 4096K, 91% used [0x00000000ec900000,0x00000000eccad4d0,0x00000000ecd00000)
  to   space 5120K, 0% used [0x00000000ece00000,0x00000000ece00000,0x00000000ed300000)
 ParOldGen       total 476160K, used 466644K [0x00000000c0000000, 0x00000000dd100000, 0x00000000eab00000)
  object space 476160K, 98% used [0x00000000c0000000,0x00000000dc7b5138,0x00000000dd100000)
 Metaspace       used 70501K, committed 71616K, reserved 1114112K
  class space    used 7346K, committed 7808K, reserved 1048576K
}
Event: 12.334 GC heap before
{Heap before GC invocations=204 (full 12):
 PSYoungGen      total 34816K, used 34485K [0x00000000eab00000, 0x00000000ed300000, 0x0000000100000000)
  eden space 30720K, 100% used [0x00000000eab00000,0x00000000ec900000,0x00000000ec900000)
  from space 4096K, 91% used [0x00000000ec900000,0x00000000eccad4d0,0x00000000ecd00000)
  to   space 5120K, 0% used [0x00000000ece00000,0x00000000ece00000,0x00000000ed300000)
 ParOldGen       total 476160K, used 466644K [0x00000000c0000000, 0x00000000dd100000, 0x00000000eab00000)
  object space 476160K, 98% used [0x00000000c0000000,0x00000000dc7b5138,0x00000000dd100000)
 Metaspace       used 70501K, committed 71616K, reserved 1114112K
  class space    used 7346K, committed 7808K, reserved 1048576K
}
Event: 12.336 GC heap after
{Heap after GC invocations=204 (full 12):
 PSYoungGen      total 32256K, used 1362K [0x00000000eab00000, 0x00000000ecf80000, 0x0000000100000000)
  eden space 30720K, 0% used [0x00000000eab00000,0x00000000eab00000,0x00000000ec900000)
  from space 1536K, 88% used [0x00000000ece00000,0x00000000ecf548a0,0x00000000ecf80000)
  to   space 2560K, 0% used [0x00000000eca80000,0x00000000eca80000,0x00000000ecd00000)
 ParOldGen       total 476160K, used 466644K [0x00000000c0000000, 0x00000000dd100000, 0x00000000eab00000)
  object space 476160K, 98% used [0x00000000c0000000,0x00000000dc7b5138,0x00000000dd100000)
 Metaspace       used 70501K, committed 71616K, reserved 1114112K
  class space    used 7346K, committed 7808K, reserved 1048576K
}
Event: 12.386 GC heap before
{Heap before GC invocations=205 (full 12):
 PSYoungGen      total 32256K, used 32082K [0x00000000eab00000, 0x00000000ecf80000, 0x0000000100000000)
  eden space 30720K, 100% used [0x00000000eab00000,0x00000000ec900000,0x00000000ec900000)
  from space 1536K, 88% used [0x00000000ece00000,0x00000000ecf548a0,0x00000000ecf80000)
  to   space 2560K, 0% used [0x00000000eca80000,0x00000000eca80000,0x00000000ecd00000)
 ParOldGen       total 476160K, used 466644K [0x00000000c0000000, 0x00000000dd100000, 0x00000000eab00000)
  object space 476160K, 98% used [0x00000000c0000000,0x00000000dc7b5138,0x00000000dd100000)
 Metaspace       used 70501K, committed 71616K, reserved 1114112K
  class space    used 7346K, committed 7808K, reserved 1048576K
}
Event: 12.387 GC heap after
{Heap after GC invocations=205 (full 12):
 PSYoungGen      total 33280K, used 2547K [0x00000000eab00000, 0x00000000ed000000, 0x0000000100000000)
  eden space 30720K, 0% used [0x00000000eab00000,0x00000000eab00000,0x00000000ec900000)
  from space 2560K, 99% used [0x00000000eca80000,0x00000000eccfce40,0x00000000ecd00000)
  to   space 3072K, 0% used [0x00000000ecd00000,0x00000000ecd00000,0x00000000ed000000)
 ParOldGen       total 476160K, used 467100K [0x00000000c0000000, 0x00000000dd100000, 0x00000000eab00000)
  object space 476160K, 98% used [0x00000000c0000000,0x00000000dc827138,0x00000000dd100000)
 Metaspace       used 70501K, committed 71616K, reserved 1114112K
  class space    used 7346K, committed 7808K, reserved 1048576K
}
Event: 12.428 GC heap before
{Heap before GC invocations=206 (full 12):
 PSYoungGen      total 33280K, used 33267K [0x00000000eab00000, 0x00000000ed000000, 0x0000000100000000)
  eden space 30720K, 100% used [0x00000000eab00000,0x00000000ec900000,0x00000000ec900000)
  from space 2560K, 99% used [0x00000000eca80000,0x00000000eccfce40,0x00000000ecd00000)
  to   space 3072K, 0% used [0x00000000ecd00000,0x00000000ecd00000,0x00000000ed000000)
 ParOldGen       total 476160K, used 467100K [0x00000000c0000000, 0x00000000dd100000, 0x00000000eab00000)
  object space 476160K, 98% used [0x00000000c0000000,0x00000000dc827138,0x00000000dd100000)
 Metaspace       used 70501K, committed 71616K, reserved 1114112K
  class space    used 7346K, committed 7808K, reserved 1048576K
}
Event: 12.430 GC heap after
{Heap after GC invocations=206 (full 12):
 PSYoungGen      total 31232K, used 3061K [0x00000000eab00000, 0x00000000ed600000, 0x0000000100000000)
  eden space 28160K, 0% used [0x00000000eab00000,0x00000000eab00000,0x00000000ec680000)
  from space 3072K, 99% used [0x00000000ecd00000,0x00000000ecffd640,0x00000000ed000000)
  to   space 6656K, 0% used [0x00000000ec680000,0x00000000ec680000,0x00000000ecd00000)
 ParOldGen       total 476160K, used 469908K [0x00000000c0000000, 0x00000000dd100000, 0x00000000eab00000)
  object space 476160K, 98% used [0x00000000c0000000,0x00000000dcae5138,0x00000000dd100000)
 Metaspace       used 70501K, committed 71616K, reserved 1114112K
  class space    used 7346K, committed 7808K, reserved 1048576K
}
Event: 12.498 GC heap before
{Heap before GC invocations=207 (full 12):
 PSYoungGen      total 31232K, used 31221K [0x00000000eab00000, 0x00000000ed600000, 0x0000000100000000)
  eden space 28160K, 100% used [0x00000000eab00000,0x00000000ec680000,0x00000000ec680000)
  from space 3072K, 99% used [0x00000000ecd00000,0x00000000ecffd640,0x00000000ed000000)
  to   space 6656K, 0% used [0x00000000ec680000,0x00000000ec680000,0x00000000ecd00000)
 ParOldGen       total 476160K, used 469908K [0x00000000c0000000, 0x00000000dd100000, 0x00000000eab00000)
  object space 476160K, 98% used [0x00000000c0000000,0x00000000dcae5138,0x00000000dd100000)
 Metaspace       used 70501K, committed 71616K, reserved 1114112K
  class space    used 7346K, committed 7808K, reserved 1048576K
}
Event: 12.500 GC heap after
{Heap after GC invocations=207 (full 12):
 PSYoungGen      total 31744K, used 3248K [0x00000000eab00000, 0x00000000ecf80000, 0x0000000100000000)
  eden space 28160K, 0% used [0x00000000eab00000,0x00000000eab00000,0x00000000ec680000)
  from space 3584K, 90% used [0x00000000ec680000,0x00000000ec9ac380,0x00000000eca00000)
  to   space 4608K, 0% used [0x00000000ecb00000,0x00000000ecb00000,0x00000000ecf80000)
 ParOldGen       total 476160K, used 470348K [0x00000000c0000000, 0x00000000dd100000, 0x00000000eab00000)
  object space 476160K, 98% used [0x00000000c0000000,0x00000000dcb53138,0x00000000dd100000)
 Metaspace       used 70501K, committed 71616K, reserved 1114112K
  class space    used 7346K, committed 7808K, reserved 1048576K
}
Event: 12.536 GC heap before
{Heap before GC invocations=208 (full 12):
 PSYoungGen      total 31744K, used 31408K [0x00000000eab00000, 0x00000000ecf80000, 0x0000000100000000)
  eden space 28160K, 100% used [0x00000000eab00000,0x00000000ec680000,0x00000000ec680000)
  from space 3584K, 90% used [0x00000000ec680000,0x00000000ec9ac380,0x00000000eca00000)
  to   space 4608K, 0% used [0x00000000ecb00000,0x00000000ecb00000,0x00000000ecf80000)
 ParOldGen       total 476160K, used 470348K [0x00000000c0000000, 0x00000000dd100000, 0x00000000eab00000)
  object space 476160K, 98% used [0x00000000c0000000,0x00000000dcb53138,0x00000000dd100000)
 Metaspace       used 70501K, committed 71616K, reserved 1114112K
  class space    used 7346K, committed 7808K, reserved 1048576K
}
Event: 12.538 GC heap after
{Heap after GC invocations=208 (full 12):
 PSYoungGen      total 30720K, used 4604K [0x00000000eab00000, 0x00000000ed380000, 0x0000000100000000)
  eden space 26112K, 0% used [0x00000000eab00000,0x00000000eab00000,0x00000000ec480000)
  from space 4608K, 99% used [0x00000000ecb00000,0x00000000ecf7f380,0x00000000ecf80000)
  to   space 6656K, 0% used [0x00000000ec480000,0x00000000ec480000,0x00000000ecb00000)
 ParOldGen       total 476160K, used 471828K [0x00000000c0000000, 0x00000000dd100000, 0x00000000eab00000)
  object space 476160K, 99% used [0x00000000c0000000,0x00000000dccc5138,0x00000000dd100000)
 Metaspace       used 70501K, committed 71616K, reserved 1114112K
  class space    used 7346K, committed 7808K, reserved 1048576K
}
Event: 12.613 GC heap before
{Heap before GC invocations=209 (full 12):
 PSYoungGen      total 30720K, used 30716K [0x00000000eab00000, 0x00000000ed380000, 0x0000000100000000)
  eden space 26112K, 100% used [0x00000000eab00000,0x00000000ec480000,0x00000000ec480000)
  from space 4608K, 99% used [0x00000000ecb00000,0x00000000ecf7f380,0x00000000ecf80000)
  to   space 6656K, 0% used [0x00000000ec480000,0x00000000ec480000,0x00000000ecb00000)
 ParOldGen       total 476160K, used 471828K [0x00000000c0000000, 0x00000000dd100000, 0x00000000eab00000)
  object space 476160K, 99% used [0x00000000c0000000,0x00000000dccc5138,0x00000000dd100000)
 Metaspace       used 70501K, committed 71616K, reserved 1114112K
  class space    used 7346K, committed 7808K, reserved 1048576K
}
Event: 12.615 GC heap after
{Heap after GC invocations=209 (full 12):
 PSYoungGen      total 28160K, used 1755K [0x00000000eab00000, 0x00000000ecb80000, 0x0000000100000000)
  eden space 26112K, 0% used [0x00000000eab00000,0x00000000eab00000,0x00000000ec480000)
  from space 2048K, 85% used [0x00000000ec480000,0x00000000ec636c08,0x00000000ec680000)
  to   space 3584K, 0% used [0x00000000ec800000,0x00000000ec800000,0x00000000ecb80000)
 ParOldGen       total 476160K, used 472156K [0x00000000c0000000, 0x00000000dd100000, 0x00000000eab00000)
  object space 476160K, 99% used [0x00000000c0000000,0x00000000dcd17138,0x00000000dd100000)
 Metaspace       used 70501K, committed 71616K, reserved 1114112K
  class space    used 7346K, committed 7808K, reserved 1048576K
}
Event: 12.708 GC heap before
{Heap before GC invocations=210 (full 12):
 PSYoungGen      total 28160K, used 27867K [0x00000000eab00000, 0x00000000ecb80000, 0x0000000100000000)
  eden space 26112K, 100% used [0x00000000eab00000,0x00000000ec480000,0x00000000ec480000)
  from space 2048K, 85% used [0x00000000ec480000,0x00000000ec636c08,0x00000000ec680000)
  to   space 3584K, 0% used [0x00000000ec800000,0x00000000ec800000,0x00000000ecb80000)
 ParOldGen       total 476160K, used 472156K [0x00000000c0000000, 0x00000000dd100000, 0x00000000eab00000)
  object space 476160K, 99% used [0x00000000c0000000,0x00000000dcd17138,0x00000000dd100000)
 Metaspace       used 70503K, committed 71616K, reserved 1114112K
  class space    used 7346K, committed 7808K, reserved 1048576K
}
Event: 12.709 GC heap after
{Heap after GC invocations=210 (full 12):
 PSYoungGen      total 27648K, used 1056K [0x00000000eab00000, 0x00000000ec980000, 0x0000000100000000)
  eden space 26112K, 0% used [0x00000000eab00000,0x00000000eab00000,0x00000000ec480000)
  from space 1536K, 68% used [0x00000000ec800000,0x00000000ec908000,0x00000000ec980000)
  to   space 2048K, 0% used [0x00000000ec580000,0x00000000ec580000,0x00000000ec780000)
 ParOldGen       total 476160K, used 472156K [0x00000000c0000000, 0x00000000dd100000, 0x00000000eab00000)
  object space 476160K, 99% used [0x00000000c0000000,0x00000000dcd17138,0x00000000dd100000)
 Metaspace       used 70503K, committed 71616K, reserved 1114112K
  class space    used 7346K, committed 7808K, reserved 1048576K
}
Event: 12.748 GC heap before
{Heap before GC invocations=211 (full 12):
 PSYoungGen      total 27648K, used 27168K [0x00000000eab00000, 0x00000000ec980000, 0x0000000100000000)
  eden space 26112K, 100% used [0x00000000eab00000,0x00000000ec480000,0x00000000ec480000)
  from space 1536K, 68% used [0x00000000ec800000,0x00000000ec908000,0x00000000ec980000)
  to   space 2048K, 0% used [0x00000000ec580000,0x00000000ec580000,0x00000000ec780000)
 ParOldGen       total 476160K, used 472156K [0x00000000c0000000, 0x00000000dd100000, 0x00000000eab00000)
  object space 476160K, 99% used [0x00000000c0000000,0x00000000dcd17138,0x00000000dd100000)
 Metaspace       used 70503K, committed 71616K, reserved 1114112K
  class space    used 7346K, committed 7808K, reserved 1048576K
}
Event: 12.749 GC heap after
{Heap after GC invocations=211 (full 12):
 PSYoungGen      total 28160K, used 2043K [0x00000000eab00000, 0x00000000ecd80000, 0x0000000100000000)
  eden space 26112K, 0% used [0x00000000eab00000,0x00000000eab00000,0x00000000ec480000)
  from space 2048K, 99% used [0x00000000ec580000,0x00000000ec77ecd0,0x00000000ec780000)
  to   space 4608K, 0% used [0x00000000ec900000,0x00000000ec900000,0x00000000ecd80000)
 ParOldGen       total 476160K, used 474172K [0x00000000c0000000, 0x00000000dd100000, 0x00000000eab00000)
  object space 476160K, 99% used [0x00000000c0000000,0x00000000dcf0f138,0x00000000dd100000)
 Metaspace       used 70503K, committed 71616K, reserved 1114112K
  class space    used 7346K, committed 7808K, reserved 1048576K
}
Event: 12.749 GC heap before
{Heap before GC invocations=212 (full 13):
 PSYoungGen      total 28160K, used 2043K [0x00000000eab00000, 0x00000000ecd80000, 0x0000000100000000)
  eden space 26112K, 0% used [0x00000000eab00000,0x00000000eab00000,0x00000000ec480000)
  from space 2048K, 99% used [0x00000000ec580000,0x00000000ec77ecd0,0x00000000ec780000)
  to   space 4608K, 0% used [0x00000000ec900000,0x00000000ec900000,0x00000000ecd80000)
 ParOldGen       total 476160K, used 474172K [0x00000000c0000000, 0x00000000dd100000, 0x00000000eab00000)
  object space 476160K, 99% used [0x00000000c0000000,0x00000000dcf0f138,0x00000000dd100000)
 Metaspace       used 70503K, committed 71616K, reserved 1114112K
  class space    used 7346K, committed 7808K, reserved 1048576K
}

